<?xml version="1.0" encoding="UTF-8"?>
<testng-results ignored="0" total="3" passed="3" failed="0" skipped="0">
  <reporter-output>
  </reporter-output>
  <suite started-at="2024-08-25T22:37:00 IST" name="CucumberTestSuite" finished-at="2024-08-25T22:45:42 IST" duration-ms="521847">
    <groups>
      <group name="cucumber">
        <method signature="AbstractTestNGCucumberTests.runScenario(io.cucumber.testng.PickleWrapper,io.cucumber.testng.FeatureWrapper)[pri:0, instance:runner.TestRunner@312aa7c]" name="runScenario" class="io.cucumber.testng.AbstractTestNGCucumberTests"/>
      </group> <!-- cucumber -->
    </groups>
    <test started-at="2024-08-25T22:37:00 IST" name="CucumberTests" finished-at="2024-08-25T22:45:42 IST" duration-ms="521847">
      <class name="runner.TestRunner">
        <test-method is-config="true" signature="setUpClass(org.testng.ITestContext)[pri:0, instance:runner.TestRunner@312aa7c]" started-at="2024-08-25T22:37:00 IST" name="setUpClass" finished-at="2024-08-25T22:37:01 IST" duration-ms="606" status="PASS">
          <params>
            <param index="0">
              <value>
                <![CDATA[org.testng.TestRunner@7e092ca]]>
              </value>
            </param>
          </params>
          <reporter-output>
          </reporter-output>
        </test-method> <!-- setUpClass -->
        <test-method signature="runScenario(io.cucumber.testng.PickleWrapper,io.cucumber.testng.FeatureWrapper)[pri:0, instance:runner.TestRunner@312aa7c]" started-at="2024-08-25T22:37:01 IST" name="runScenario" description="Runs Cucumber Scenarios" data-provider="scenarios" finished-at="2024-08-25T22:41:56 IST" duration-ms="295145" status="PASS">
          <params>
            <param index="0">
              <value>
                <![CDATA["Store Men's Product details in .txt file"]]>
              </value>
            </param>
            <param index="1">
              <value>
                <![CDATA["Test Automation of Core and Derived Products Testcases"]]>
              </value>
            </param>
          </params>
          <reporter-output>
          </reporter-output>
        </test-method> <!-- runScenario -->
        <test-method signature="runScenario(io.cucumber.testng.PickleWrapper,io.cucumber.testng.FeatureWrapper)[pri:0, instance:runner.TestRunner@312aa7c]" started-at="2024-08-25T22:41:56 IST" name="runScenario" description="Runs Cucumber Scenarios" data-provider="scenarios" finished-at="2024-08-25T22:44:10 IST" duration-ms="133938" status="PASS">
          <params>
            <param index="0">
              <value>
                <![CDATA["Validate total videos feed count in Core Product"]]>
              </value>
            </param>
            <param index="1">
              <value>
                <![CDATA["Test Automation of Core and Derived Products Testcases"]]>
              </value>
            </param>
          </params>
          <reporter-output>
          </reporter-output>
        </test-method> <!-- runScenario -->
        <test-method signature="runScenario(io.cucumber.testng.PickleWrapper,io.cucumber.testng.FeatureWrapper)[pri:0, instance:runner.TestRunner@312aa7c]" started-at="2024-08-25T22:44:10 IST" name="runScenario" description="Runs Cucumber Scenarios" data-provider="scenarios" finished-at="2024-08-25T22:45:42 IST" duration-ms="92058" status="PASS">
          <params>
            <param index="0">
              <value>
                <![CDATA["Validate total Hyperlink count in Derived Product"]]>
              </value>
            </param>
            <param index="1">
              <value>
                <![CDATA["Test Automation of Core and Derived Products Testcases"]]>
              </value>
            </param>
          </params>
          <reporter-output>
          </reporter-output>
        </test-method> <!-- runScenario -->
        <test-method is-config="true" signature="tearDownClass()[pri:0, instance:runner.TestRunner@312aa7c]" started-at="2024-08-25T22:45:42 IST" name="tearDownClass" finished-at="2024-08-25T22:45:42 IST" duration-ms="4" status="PASS">
          <reporter-output>
          </reporter-output>
        </test-method> <!-- tearDownClass -->
      </class> <!-- runner.TestRunner -->
    </test> <!-- CucumberTests -->
  </suite> <!-- CucumberTestSuite -->
</testng-results>
