<?xml version="1.0" encoding="UTF-8"?>
<testsuite xmlns:xsi="http://www.w3.org/2001/XMLSchema-instance" xsi:noNamespaceSchemaLocation="https://maven.apache.org/surefire/maven-surefire-plugin/xsd/surefire-test-report-3.0.xsd" version="3.0" name="TestSuite" time="523.449" tests="3" errors="0" skipped="0" failures="0">
  <properties>
[...]
</properties>
  <testcase name="runScenario[&quot;Store Men&apos;s Product details in .txt file&quot;, &quot;Test Automation of Core and Derived Products Testcases&quot;](1)" classname="runner.TestRunner" time="295.148">
    <system-out><![CDATA[
@Test1
Scenario Outline: Store Men's Product details in .txt file          # src/test/java/features/product.feature:13
  Given User triggers URL:"https://www.nba.com/warriors" in Browser # stepdefinitions.StepDefinitions.userTriggersURLInBrowser(java.lang.String)
  When User validates presale notification and closes the same      # stepdefinitions.StepDefinitions.userValidatesPresaleNotificationAndClosesTheSame()
  Then user clicks on "Men's" on the Shop Menu                      # stepdefinitions.StepDefinitions.userClicksOnOnTheShopMenu(java.lang.String)
  And User changes max item to "96 Items" in men's page             # stepdefinitions.StepDefinitions.userChangesMaxItemToInMenSPage(java.lang.String)
List Size is:95
List Size is:96
List Size is:96
List Size is:96
List Size is:95
List Size is:96
List Size is:96
List Size is:96
List Size is:95
List Size is:96
List Size is:96
List Size is:96
List Size is:94
List Size is:49
Final list size:1292
Reduced:
$224.99
$22499
Regular:
$299.99
$29999
Men's Mitchell & Ness Stephen Curry White Golden State Warriors 2009/10 Hardwood Classics Authentic Jersey
FREE Jersey Assurance
  And user goes to each Page and stores data in text file           # stepdefinitions.StepDefinitions.userGoesToEachPageAndStoresDataInTextFile()
]]></system-out>
    <system-err><![CDATA[SLF4J(W): No SLF4J providers were found.
SLF4J(W): Defaulting to no-operation (NOP) logger implementation
SLF4J(W): See https://www.slf4j.org/codes.html#noProviders for further details.
Aug 25, 2024 10:37:05 PM org.openqa.selenium.devtools.CdpVersionFinder findNearestMatch
WARNING: Unable to find an exact match for CDP version 127, returning the closest version; found: 125; Please update to a Selenium version that supports CDP version 127
]]></system-err>
  </testcase>
  <testcase name="runScenario[&quot;Validate total videos feed count in Core Product&quot;, &quot;Test Automation of Core and Derived Products Testcases&quot;](2)" classname="runner.TestRunner" time="133.929">
    <system-out><![CDATA[
@Test2
Scenario Outline: Validate total videos feed count in Core Product  # src/test/java/features/product.feature:23
  Given User triggers URL:"https://www.nba.com/warriors" in Browser # stepdefinitions.StepDefinitions.userTriggersURLInBrowser(java.lang.String)
  When User validates presale notification and closes the same      # stepdefinitions.StepDefinitions.userValidatesPresaleNotificationAndClosesTheSame()
  Then User goes to newsfeed page                                   # stepdefinitions.StepDefinitions.userGoesToNewsfeedPage()
  And User notes video count for more than three days               # stepdefinitions.StepDefinitions.userNotesVideoCountForMoreThanThreeDays()
]]></system-out>
    <system-err><![CDATA[Aug 25, 2024 10:41:59 PM org.openqa.selenium.devtools.CdpVersionFinder findNearestMatch
WARNING: Unable to find an exact match for CDP version 127, returning the closest version; found: 125; Please update to a Selenium version that supports CDP version 127
]]></system-err>
  </testcase>
  <testcase name="runScenario[&quot;Validate total Hyperlink count in Derived Product&quot;, &quot;Test Automation of Core and Derived Products Testcases&quot;](3)" classname="runner.TestRunner" time="92.058">
    <system-out><![CDATA[
@DerivedProduct2
Scenario Outline: Validate total Hyperlink count in Derived Product # src/test/java/features/product.feature:34
  Given User triggers URL:"https://www.nba.com/bulls/" in Browser   # stepdefinitions.StepDefinitions.userTriggersURLInBrowser(java.lang.String)
  When User goes to page bottom                                     # stepdefinitions.StepDefinitions.userGoesToPageBottom()
  Then Check duplicates in hyperlinks                               # stepdefinitions.StepDefinitions.checkDuplicatesInHyperlinks()
]]></system-out>
    <system-err><![CDATA[Aug 25, 2024 10:44:12 PM org.openqa.selenium.devtools.CdpVersionFinder findNearestMatch
WARNING: Unable to find an exact match for CDP version 127, returning the closest version; found: 125; Please update to a Selenium version that supports CDP version 127
]]></system-err>
  </testcase>
</testsuite>